0 info it worked if it ends with ok
1 verbose cli [ 'D:\\nodejs\\node.exe',
1 verbose cli   'C:\\Users\\Alan\\AppData\\Roaming\\npm\\node_modules\\.npm_npminstall\\node_modules\\.4.1.2@npm\\bin\\npm-cli.js',
1 verbose cli   'run',
1 verbose cli   'dev' ]
2 info using npm@4.1.2
3 info using node@v8.9.1
4 verbose run-script [ 'predev', 'dev', 'postdev' ]
5 info lifecycle my-react-app@0.1.0~predev: my-react-app@0.1.0
6 silly lifecycle my-react-app@0.1.0~predev: no script for predev, continuing
7 info lifecycle my-react-app@0.1.0~dev: my-react-app@0.1.0
8 verbose lifecycle my-react-app@0.1.0~dev: unsafe-perm in lifecycle true
9 verbose lifecycle my-react-app@0.1.0~dev: PATH: C:\Users\Alan\AppData\Roaming\npm\node_modules\.npm_npminstall\node_modules\.4.1.2@npm\bin\node-gyp-bin;F:\node\my-react-app\node_modules\.bin;D:\Git\mingw64\bin;D:\Git\usr\bin;C:\Users\Alan\bin;F:\oracle\product\11.2.0\dbhome_1\bin;C:\ProgramData\Oracle\Java\javapath;C:\Program Files (x86)\Intel\iCLS Client;C:\Program Files\Intel\iCLS Client;C:\Program Files (x86)\NVIDIA Corporation\PhysX\Common;C:\Windows\system32;C:\Windows;C:\Windows\System32\Wbem;C:\Windows\System32\WindowsPowerShell\v1.0;C:\Program Files (x86)\Intel\OpenCL SDK\2.0\bin\x86;C:\Program Files (x86)\Intel\OpenCL SDK\2.0\bin\x64;C:\Program Files\Intel\Intel(R) Management Engine Components\DAL;C:\Program Files\Intel\Intel(R) Management Engine Components\IPT;C:\Program Files (x86)\Intel\Intel(R) Management Engine Components\DAL;C:\Program Files (x86)\Intel\Intel(R) Management Engine Components\IPT;E:\sdk\tools;E:\sdkplatform-tools;D:\cygwin64\bin;D:\cygwin64\usr\sbin;D:\TortoiseSVN\bin;D:\Bitvise SSH Client;D:\Git\cmd;D:\nodejs;D:\Java\jdk1.8.0_101\bin;D:\Java\jdk1.8.0_101\jre\bin;D:\Microsoft VS Code\bin;C:\Users\Alan\AppData\Roaming\npm
10 verbose lifecycle my-react-app@0.1.0~dev: CWD: F:\node\my-react-app
11 silly lifecycle my-react-app@0.1.0~dev: Args: [ '/d /s /c',
11 silly lifecycle   'webpack-dev-server --progress --watch --color --config webpack.dev.js' ]
12 silly lifecycle my-react-app@0.1.0~dev: Returned: code: 3221225786  signal: null
13 info lifecycle my-react-app@0.1.0~dev: Failed to exec dev script
14 verbose stack Error: my-react-app@0.1.0 dev: `webpack-dev-server --progress --watch --color --config webpack.dev.js`
14 verbose stack Exit status 3221225786
14 verbose stack     at EventEmitter.<anonymous> (C:\Users\Alan\AppData\Roaming\npm\node_modules\.npm_npminstall\node_modules\.4.1.2@npm\lib\utils\lifecycle.js:279:16)
14 verbose stack     at emitTwo (events.js:126:13)
14 verbose stack     at EventEmitter.emit (events.js:214:7)
14 verbose stack     at ChildProcess.<anonymous> (C:\Users\Alan\AppData\Roaming\npm\node_modules\.npm_npminstall\node_modules\.4.1.2@npm\lib\utils\spawn.js:40:14)
14 verbose stack     at emitTwo (events.js:126:13)
14 verbose stack     at ChildProcess.emit (events.js:214:7)
14 verbose stack     at maybeClose (internal/child_process.js:925:16)
14 verbose stack     at Process.ChildProcess._handle.onexit (internal/child_process.js:209:5)
15 verbose pkgid my-react-app@0.1.0
16 verbose cwd F:\node\my-react-app
17 error Windows_NT 6.1.7601
18 error argv "D:\\nodejs\\node.exe" "C:\\Users\\Alan\\AppData\\Roaming\\npm\\node_modules\\.npm_npminstall\\node_modules\\.4.1.2@npm\\bin\\npm-cli.js" "run" "dev"
19 error node v8.9.1
20 error npm  v4.1.2
21 error code ELIFECYCLE
22 error my-react-app@0.1.0 dev: `webpack-dev-server --progress --watch --color --config webpack.dev.js`
22 error Exit status 3221225786
23 error Failed at the my-react-app@0.1.0 dev script 'webpack-dev-server --progress --watch --color --config webpack.dev.js'.
23 error Make sure you have the latest version of node.js and npm installed.
23 error If you do, this is most likely a problem with the my-react-app package,
23 error not with npm itself.
23 error Tell the author that this fails on your system:
23 error     webpack-dev-server --progress --watch --color --config webpack.dev.js
23 error You can get information on how to open an issue for this project with:
23 error     npm bugs my-react-app
23 error Or if that isn't available, you can get their info via:
23 error     npm owner ls my-react-app
23 error There is likely additional logging output above.
24 verbose exit [ 1, true ]
